<?xml version="1.0" encoding="UTF-8"?>
<!-- Generated by org.testng.reporters.JUnitReportReporter -->
<testsuite hostname="VISHNU" failures="0" tests="2" name="testCases.TC_001_AccountRegistrationTest" time="13.628" errors="0" timestamp="2025-03-19T18:07:01 IST" skipped="0">
  <testcase classname="testCases.TC_001_AccountRegistrationTest" name="verify_account_registration" time="5.120"/>
  <testcase classname="testCases.TC_001_AccountRegistrationTest" name="verify_account_registration" time="8.508"/>
</testsuite> <!-- testCases.TC_001_AccountRegistrationTest -->
