<?xml version="1.0" encoding="UTF-8"?>
<!-- Generated by org.testng.reporters.JUnitReportReporter -->
<testsuite hostname="VISHNU" failures="0" tests="1" name="testCases.TC002LoginWebPage" time="16.031" errors="0" timestamp="2025-03-21T12:05:52 IST" skipped="0">
  <testcase classname="testCases.TC002LoginWebPage" name="Login" time="16.031"/>
</testsuite> <!-- testCases.TC002LoginWebPage -->
