<?xml version="1.0" encoding="UTF-8"?>
<!-- Generated by org.testng.reporters.JUnitReportReporter -->
<testsuite hostname="VISHNU" failures="0" tests="1" name="testCases.TC_002_LoginTest" time="1.114" errors="0" timestamp="2025-03-08T10:37:28 IST" skipped="0">
  <testcase classname="testCases.TC_002_LoginTest" name="Verify_Login" time="1.114"/>
</testsuite> <!-- testCases.TC_002_LoginTest -->
